#
# There is insufficient memory for the Java Runtime Environment to continue.
# Native memory allocation (mmap) failed to map 268435456 bytes for Failed to commit area from 0x0000000701e00000 to 0x0000000711e00000 of length 268435456.
# Possible reasons:
#   The system is out of physical RAM or swap space
#   The process is running with CompressedOops enabled, and the Java Heap may be blocking the growth of the native heap
# Possible solutions:
#   Reduce memory load on the system
#   Increase physical memory or swap space
#   Check if swap backing store is full
#   Decrease Java heap size (-Xmx/-Xms)
#   Decrease number of Java threads
#   Decrease Java thread stack sizes (-Xss)
#   Set larger code cache with -XX:ReservedCodeCacheSize=
# This output file may be truncated or incomplete.
#
#  Out of Memory Error (./src/hotspot/os/windows/os_windows.cpp:3624), pid=3724, tid=8576
#
# JRE version:  (11.0.14.1+1) (build )
# Java VM: OpenJDK 64-Bit Server VM (11.0.14.1+1-b1751.46, mixed mode, sharing, tiered, compressed oops, g1 gc, windows-amd64)
# No core dump will be written. Minidumps are not enabled by default on client versions of Windows
#

---------------  S U M M A R Y ------------

Command Line: git4idea.http.GitAskPassApp Username for 'https://github.com': 

Host: Intel(R) Core(TM) i7-7700 CPU @ 3.60GHz, 8 cores, 15G,  Windows 10 , 64 bit Build 19041 (10.0.19041.1889)
Time: Sat Oct 22 00:53:12 2022 W. Europe Daylight Time elapsed time: 0.024609 seconds (0d 0h 0m 0s)

---------------  T H R E A D  ---------------

Current thread (0x0000022787b0f000):  JavaThread "Unknown thread" [_thread_in_vm, id=8576, stack(0x0000008d26400000,0x0000008d26500000)]

Stack: [0x0000008d26400000,0x0000008d26500000]
Native frames: (J=compiled Java code, j=interpreted, Vv=VM code, C=native code)
V  [jvm.dll+0x61601a]
V  [jvm.dll+0x79c3b0]
V  [jvm.dll+0x79d9cd]
V  [jvm.dll+0x79e0a3]
V  [jvm.dll+0x24ca38]
V  [jvm.dll+0x613074]
V  [jvm.dll+0x607d75]
V  [jvm.dll+0x30b05b]
V  [jvm.dll+0x30afca]
V  [jvm.dll+0x30aea2]
V  [jvm.dll+0x30fde6]
V  [jvm.dll+0x35b473]
V  [jvm.dll+0x35bb76]
V  [jvm.dll+0x35b573]
V  [jvm.dll+0x2e57b8]
V  [jvm.dll+0x2e6967]
V  [jvm.dll+0x779377]
V  [jvm.dll+0x77ab6c]
V  [jvm.dll+0x368a19]
V  [jvm.dll+0x75ce8e]
V  [jvm.dll+0x3d6aa3]
V  [jvm.dll+0x3d8ff1]
C  [jli.dll+0x536b]
C  [ucrtbase.dll+0x21bb2]
C  [KERNEL32.DLL+0x17034]
C  [ntdll.dll+0x526a1]


---------------  P R O C E S S  ---------------

Threads class SMR info:
_java_thread_list=0x00000227859f4e00, length=0, elements={
}

Java Threads: ( => current thread )

Other Threads:
  0x0000022787b28800 GCTaskThread "GC Thread#0" [stack: 0x0000008d26500000,0x0000008d26600000] [id=17760]
  0x0000022787b83800 ConcurrentGCThread "G1 Main Marker" [stack: 0x0000008d26600000,0x0000008d26700000] [id=14272]
  0x0000022787b86000 ConcurrentGCThread "G1 Conc#0" [stack: 0x0000008d26700000,0x0000008d26800000] [id=13320]

[error occurred during error reporting (printing all threads), id 0xc0000005, EXCEPTION_ACCESS_VIOLATION (0xc0000005) at pc=0x00007ff820465f37]

VM state:not at safepoint (not fully initialized)

VM Mutex/Monitor currently owned by a thread:  ([mutex/lock_event])
[0x0000022787b0a210] Heap_lock - owner thread: 0x0000022787b0f000

Heap address: 0x0000000701e00000, size: 4066 MB, Compressed Oops mode: Non-zero based: 0x0000000701e00000
Narrow klass base: 0x0000000000000000, Narrow klass shift: 0

GC Heap History (0 events):
No events

Deoptimization events (0 events):
No events

Classes redefined (0 events):
No events

Internal exceptions (0 events):
No events

Events (1 events):
Event: 0.013 Loaded shared library C:\Program Files\JetBrains\PyCharm 2021.3.3\jbr\bin\zip.dll


Dynamic libraries:
0x00007ff6844d0000 - 0x00007ff6844da000 	C:\Program Files\JetBrains\PyCharm 2021.3.3\jbr\bin\java.exe
0x00007ff8729f0000 - 0x00007ff872be8000 	C:\Windows\SYSTEM32\ntdll.dll
0x00007ff870a50000 - 0x00007ff870b0d000 	C:\Windows\System32\KERNEL32.DLL
0x00007ff870480000 - 0x00007ff870752000 	C:\Windows\System32\KERNELBASE.dll
0x00007ff870760000 - 0x00007ff870860000 	C:\Windows\System32\ucrtbase.dll
0x00007ff84e6b0000 - 0x00007ff84e6c9000 	C:\Program Files\JetBrains\PyCharm 2021.3.3\jbr\bin\jli.dll
0x00007ff84e500000 - 0x00007ff84e516000 	C:\Program Files\JetBrains\PyCharm 2021.3.3\jbr\bin\VCRUNTIME140.dll
0x00007ff871790000 - 0x00007ff87192d000 	C:\Windows\System32\USER32.dll
0x00007ff870a20000 - 0x00007ff870a42000 	C:\Windows\System32\win32u.dll
0x00007ff8598c0000 - 0x00007ff859b5a000 	C:\Windows\WinSxS\amd64_microsoft.windows.common-controls_6595b64144ccf1df_6.0.19041.1110_none_60b5254171f9507e\COMCTL32.dll
0x00007ff871500000 - 0x00007ff87152b000 	C:\Windows\System32\GDI32.dll
0x00007ff870b10000 - 0x00007ff870bae000 	C:\Windows\System32\msvcrt.dll
0x00007ff870860000 - 0x00007ff87096f000 	C:\Windows\System32\gdi32full.dll
0x00007ff870280000 - 0x00007ff87031d000 	C:\Windows\System32\msvcp_win.dll
0x00007ff8727f0000 - 0x00007ff872820000 	C:\Windows\System32\IMM32.DLL
0x00007ff81f720000 - 0x00007ff81f7ca000 	C:\Program Files\JetBrains\PyCharm 2021.3.3\jbr\bin\msvcp140.dll
0x00007ff820170000 - 0x00007ff820cea000 	C:\Program Files\JetBrains\PyCharm 2021.3.3\jbr\bin\server\jvm.dll
0x00007ff871fb0000 - 0x00007ff87205e000 	C:\Windows\System32\ADVAPI32.dll
0x00007ff871400000 - 0x00007ff87149c000 	C:\Windows\System32\sechost.dll
0x00007ff871640000 - 0x00007ff871765000 	C:\Windows\System32\RPCRT4.dll
0x00007ff871310000 - 0x00007ff871318000 	C:\Windows\System32\PSAPI.DLL
0x00007ff85f390000 - 0x00007ff85f399000 	C:\Windows\SYSTEM32\WSOCK32.dll
0x00007ff848540000 - 0x00007ff848567000 	C:\Windows\SYSTEM32\WINMM.dll
0x00007ff871db0000 - 0x00007ff871e1b000 	C:\Windows\System32\WS2_32.dll
0x00007ff86ae60000 - 0x00007ff86ae6a000 	C:\Windows\SYSTEM32\VERSION.dll
0x00007ff86df00000 - 0x00007ff86df12000 	C:\Windows\SYSTEM32\kernel.appcore.dll
0x00007ff86bba0000 - 0x00007ff86bbb1000 	C:\Program Files\JetBrains\PyCharm 2021.3.3\jbr\bin\verify.dll
0x00007ff85cb90000 - 0x00007ff85cd74000 	C:\Windows\SYSTEM32\DBGHELP.DLL
0x00007ff85cac0000 - 0x00007ff85caec000 	C:\Windows\SYSTEM32\dbgcore.DLL
0x00007ff870100000 - 0x00007ff870182000 	C:\Windows\System32\bcryptPrimitives.dll
0x00007ff865e00000 - 0x00007ff865e29000 	C:\Program Files\JetBrains\PyCharm 2021.3.3\jbr\bin\java.dll
0x00007ff86bab0000 - 0x00007ff86babb000 	C:\Program Files\JetBrains\PyCharm 2021.3.3\jbr\bin\jimage.dll
0x00007ff868720000 - 0x00007ff868739000 	C:\Program Files\JetBrains\PyCharm 2021.3.3\jbr\bin\zip.dll

dbghelp: loaded successfully - version: 4.0.5 - missing functions: none
symbol engine: initialized successfully - sym options: 0x614 - pdb path: .;C:\Program Files\JetBrains\PyCharm 2021.3.3\jbr\bin;C:\Windows\SYSTEM32;C:\Windows\WinSxS\amd64_microsoft.windows.common-controls_6595b64144ccf1df_6.0.19041.1110_none_60b5254171f9507e;C:\Program Files\JetBrains\PyCharm 2021.3.3\jbr\bin\server

VM Arguments:
java_command: git4idea.http.GitAskPassApp Username for 'https://github.com': 
java_class_path (initial): C:/Program Files/JetBrains/PyCharm 2021.3.3/plugins/git4idea/lib/git4idea-rt.jar;C:/Program Files/JetBrains/PyCharm 2021.3.3/lib/3rd-party.jar;C:/Program Files/JetBrains/PyCharm 2021.3.3/lib/3rd-party-rt.jar
Launcher Type: SUN_STANDARD

[Global flags]
     intx CICompilerCount                          = 4                                         {product} {ergonomic}
     uint ConcGCThreads                            = 2                                         {product} {ergonomic}
     uint G1ConcRefinementThreads                  = 8                                         {product} {ergonomic}
   size_t G1HeapRegionSize                         = 1048576                                   {product} {ergonomic}
    uintx GCDrainStackTargetSize                   = 64                                        {product} {ergonomic}
   size_t InitialHeapSize                          = 268435456                                 {product} {ergonomic}
   size_t MarkStackSize                            = 4194304                                   {product} {ergonomic}
   size_t MaxHeapSize                              = 4263510016                                {product} {ergonomic}
   size_t MinHeapDeltaBytes                        = 1048576                                   {product} {ergonomic}
    uintx NonNMethodCodeHeapSize                   = 5836300                                {pd product} {ergonomic}
    uintx NonProfiledCodeHeapSize                  = 122910970                              {pd product} {ergonomic}
    uintx ProfiledCodeHeapSize                     = 122910970                              {pd product} {ergonomic}
    uintx ReservedCodeCacheSize                    = 251658240                              {pd product} {ergonomic}
     bool SegmentedCodeCache                       = true                                      {product} {ergonomic}
     bool UseCompressedClassPointers               = true                                 {lp64_product} {ergonomic}
     bool UseCompressedOops                        = true                                 {lp64_product} {ergonomic}
     bool UseG1GC                                  = true                                      {product} {ergonomic}
     bool UseLargePagesIndividualAllocation        = false                                  {pd product} {ergonomic}

Logging:
Log output configuration:
 #0: stdout all=warning uptime,level,tags
 #1: stderr all=off uptime,level,tags

Environment Variables:
JAVA_HOME=C:\Users\Feifei\Program Files\jdk-11.0.14
PATH=C:/Users/Feifei/AppData/Local/Programs/Git/mingw64/libexec/git-core;C:/Users/Feifei/AppData/Local/Programs/Git/mingw64/libexec/git-core;C:\Users\Feifei\AppData\Local\Programs\Git\mingw64\bin;C:\Users\Feifei\AppData\Local\Programs\Git\usr\bin;C:\Users\Feifei\bin;C:\Users\Feifei\miniconda3\envs\conda_python;C:\Users\Feifei\miniconda3\envs\conda_python\Library\mingw-w64\bin;C:\Users\Feifei\miniconda3\envs\conda_python\Library\usr\bin;C:\Users\Feifei\miniconda3\envs\conda_python\Library\bin;C:\Users\Feifei\miniconda3\envs\conda_python\Scripts;C:\Users\Feifei\miniconda3\envs\conda_python\bin;C:\Users\Feifei\miniconda3\condabin;C:\Windows\system32;C:\Windows;C:\Windows\System32\Wbem;C:\Windows\System32\WindowsPowerShell\v1.0;C:\Windows\System32\OpenSSH;C:\Program Files (x86)\NetSarang\Xshell 7;C:\Users\Feifei\miniconda3;C:\Users\Feifei\miniconda3\Library\mingw-w64\bin;C:\Users\Feifei\miniconda3\Library\usr\bin;C:\Users\Feifei\miniconda3\Library\bin;C:\Users\Feifei\miniconda3\Scripts;C:\Users\Feifei\AppData\Local\Programs\Python\Python37\Scripts;C:\Users\Feifei\AppData\Local\Programs\Python\Python37;C:\Users\Feifei\AppData\Local\Microsoft\WindowsApps;C:\Users\Feifei\AppData\Local\JetBrains\IntelliJ IDEA Educational Edition 2021.3.3\bin;.;C:\Users\Feifei\AppData\Local\Programs\Git\cmd;C:\Users\Feifei\Program Files\jdk-11.0.14\bin;C:\Program Files\JetBrains\PyCharm 2021.3.3\bin;.;C:\Users\Feifei\Program Files\gradle-7.4.2\bin;C:\Program Files\JetBrains\DataGrip 2022.1.4\bin;.;C:\Program Files\Indri\Indri 5.10\bin
USERNAME=Feifei
DISPLAY=:0.0
LC_ALL=en_US.UTF-8
OS=Windows_NT
PROCESSOR_IDENTIFIER=Intel64 Family 6 Model 158 Stepping 9, GenuineIntel



---------------  S Y S T E M  ---------------

OS: Windows 10 , 64 bit Build 19041 (10.0.19041.1889)
OS uptime: 4 days 9:29 hours

CPU:total 8 (initial active 8) (4 cores per cpu, 2 threads per core) family 6 model 158 stepping 9 microcode 0xb4, cmov, cx8, fxsr, mmx, sse, sse2, sse3, ssse3, sse4.1, sse4.2, popcnt, avx, avx2, aes, clmul, erms, rtm, 3dnowpref, lzcnt, ht, tsc, tscinvbit, bmi1, bmi2, adx, fma

Memory: 4k page, system-wide physical 16263M (658M free)
TotalPageFile size 45446M (AvailPageFile size 79M)
current process WorkingSet (physical memory assigned to process): 10M, peak: 10M
current process commit charge ("private bytes"): 60M, peak: 316M

vm_info: OpenJDK 64-Bit Server VM (11.0.14.1+1-b1751.46) for windows-amd64 JRE (11.0.14.1+1-b1751.46), built on Feb 21 2022 15:19:20 by "" with MS VC++ 14.0 (VS2015)

END.
